2019-11-09T02:01:35+00:00 CRITICAL Uncaught Error: Call to undefined function get_name_module() in C:\wamp64\www\wordpress\wp-content\themes\storefront\inc\class-storefront.php:317
Stack trace:
#0 C:\wamp64\www\wordpress\wp-includes\class-wp-hook.php(286): Storefront->scripts('')
#1 C:\wamp64\www\wordpress\wp-includes\class-wp-hook.php(310): WP_Hook->apply_filters(NULL, Array)
#2 C:\wamp64\www\wordpress\wp-includes\plugin.php(465): WP_Hook->do_action(Array)
#3 C:\wamp64\www\wordpress\wp-includes\script-loader.php(2537): do_action('wp_enqueue_scri...')
#4 C:\wamp64\www\wordpress\wp-includes\class-wp-hook.php(286): wp_enqueue_scripts('')
#5 C:\wamp64\www\wordpress\wp-includes\class-wp-hook.php(310): WP_Hook->apply_filters(NULL, Array)
#6 C:\wamp64\www\wordpress\wp-includes\plugin.php(465): WP_Hook->do_action(Array)
#7 C:\wamp64\www\wordpress\wp-includes\general-template.php(2745): do_action('wp_head')
#8 C:\wamp64\www\wordpress\wp-content\themes\storefront\header.php(18): wp_head()
#9 C:\wamp64\www\wordpress\wp-includes\template.php(722): requir in C:\wamp64\www\wordpress\wp-content\themes\storefront\inc\class-storefront.php on line 317

2019-11-09T02:04:03+00:00 CRITICAL Uncaught Error: Call to undefined function get_name_module() in C:\wamp64\www\wordpress\wp-content\themes\storefront\inc\class-storefront.php:317
Stack trace:
#0 C:\wamp64\www\wordpress\wp-includes\class-wp-hook.php(286): Storefront->scripts('')
#1 C:\wamp64\www\wordpress\wp-includes\class-wp-hook.php(310): WP_Hook->apply_filters(NULL, Array)
#2 C:\wamp64\www\wordpress\wp-includes\plugin.php(465): WP_Hook->do_action(Array)
#3 C:\wamp64\www\wordpress\wp-includes\script-loader.php(2537): do_action('wp_enqueue_scri...')
#4 C:\wamp64\www\wordpress\wp-includes\class-wp-hook.php(286): wp_enqueue_scripts('')
#5 C:\wamp64\www\wordpress\wp-includes\class-wp-hook.php(310): WP_Hook->apply_filters(NULL, Array)
#6 C:\wamp64\www\wordpress\wp-includes\plugin.php(465): WP_Hook->do_action(Array)
#7 C:\wamp64\www\wordpress\wp-includes\general-template.php(2745): do_action('wp_head')
#8 C:\wamp64\www\wordpress\wp-content\themes\storefront\header.php(18): wp_head()
#9 C:\wamp64\www\wordpress\wp-includes\template.php(722): requir in C:\wamp64\www\wordpress\wp-content\themes\storefront\inc\class-storefront.php on line 317

2019-11-09T02:52:58+00:00 CRITICAL require(): Failed opening required 'inc/class-h3qtcms1.php' (include_path='.;C:\php\pear') in C:\wamp64\www\wordpress\wp-content\themes\storefront\functions.php on line 27

2019-11-09T02:54:19+00:00 CRITICAL require(): Failed opening required 'inc/class-h3qtcms1.php' (include_path='.;C:\php\pear') in C:\wamp64\www\wordpress\wp-content\themes\h3qtcms1\functions.php on line 27

2019-11-09T02:54:19+00:00 CRITICAL require(): Failed opening required 'inc/class-h3qtcms1.php' (include_path='.;C:\php\pear') in C:\wamp64\www\wordpress\wp-content\themes\h3qtcms1\functions.php on line 27

2019-11-09T02:54:47+00:00 CRITICAL require(): Failed opening required 'inc/class-h3qtcms1.php' (include_path='.;C:\php\pear') in C:\wamp64\www\wordpress\wp-content\themes\h3qtcms1\functions.php on line 27

2019-11-09T02:56:48+00:00 CRITICAL require(): Failed opening required 'inc/class-h3qtcms1.php' (include_path='.;C:\php\pear') in C:\wamp64\www\wordpress\wp-content\themes\h3qtcms1\functions.php on line 27

2019-11-09T02:58:48+00:00 CRITICAL require(): Failed opening required 'inc/class-h3qtcms1.php' (include_path='.;C:\php\pear') in C:\wamp64\www\wordpress\wp-content\themes\h3qtcms1\functions.php on line 27

2019-11-09T03:00:49+00:00 CRITICAL require(): Failed opening required 'inc/class-h3qtcms1.php' (include_path='.;C:\php\pear') in C:\wamp64\www\wordpress\wp-content\themes\h3qtcms1\functions.php on line 27

2019-11-09T03:02:50+00:00 CRITICAL require(): Failed opening required 'inc/class-h3qtcms1.php' (include_path='.;C:\php\pear') in C:\wamp64\www\wordpress\wp-content\themes\h3qtcms1\functions.php on line 27

2019-11-09T03:04:51+00:00 CRITICAL require(): Failed opening required 'inc/customizer/class-h3qtcms1-customizer.php' (include_path='.;C:\php\pear') in C:\wamp64\www\wordpress\wp-content\themes\h3qtcms1\functions.php on line 28

2019-11-09T03:53:58+00:00 CRITICAL Uncaught Error: Call to undefined function storefront_cart_link() in C:\wamp64\www\wordpress\wp-content\themes\h3qtcms1\header.php:27
Stack trace:
#0 C:\wamp64\www\wordpress\wp-includes\template.php(722): require_once()
#1 C:\wamp64\www\wordpress\wp-includes\template.php(671): load_template('C:\\wamp64\\www\\w...', true)
#2 C:\wamp64\www\wordpress\wp-includes\general-template.php(41): locate_template(Array, true)
#3 C:\wamp64\www\wordpress\wp-content\themes\h3qtcms1\index.php(14): get_header()
#4 C:\wamp64\www\wordpress\wp-includes\template-loader.php(78): include('C:\\wamp64\\www\\w...')
#5 C:\wamp64\www\wordpress\wp-blog-header.php(19): require_once('C:\\wamp64\\www\\w...')
#6 C:\wamp64\www\wordpress\index.php(17): require('C:\\wamp64\\www\\w...')
#7 {main}
  thrown in C:\wamp64\www\wordpress\wp-content\themes\h3qtcms1\header.php on line 27

2019-11-09T04:22:16+00:00 CRITICAL Uncaught Error: Call to undefined function storefront_cart_link() in C:\wamp64\www\wordpress\wp-content\themes\h3qtcms1\header.php:46
Stack trace:
#0 C:\wamp64\www\wordpress\wp-includes\template.php(722): require_once()
#1 C:\wamp64\www\wordpress\wp-includes\template.php(671): load_template('C:\\wamp64\\www\\w...', true)
#2 C:\wamp64\www\wordpress\wp-includes\general-template.php(41): locate_template(Array, true)
#3 C:\wamp64\www\wordpress\wp-content\themes\h3qtcms1\index.php(14): get_header()
#4 C:\wamp64\www\wordpress\wp-includes\template-loader.php(78): include('C:\\wamp64\\www\\w...')
#5 C:\wamp64\www\wordpress\wp-blog-header.php(19): require_once('C:\\wamp64\\www\\w...')
#6 C:\wamp64\www\wordpress\index.php(17): require('C:\\wamp64\\www\\w...')
#7 {main}
  thrown in C:\wamp64\www\wordpress\wp-content\themes\h3qtcms1\header.php on line 46

2019-11-09T04:26:03+00:00 CRITICAL Uncaught Error: Call to undefined function current_page_item() in C:\wamp64\www\wordpress\wp-content\themes\h3qtcms1\header.php:46
Stack trace:
#0 C:\wamp64\www\wordpress\wp-includes\template.php(722): require_once()
#1 C:\wamp64\www\wordpress\wp-includes\template.php(671): load_template('C:\\wamp64\\www\\w...', true)
#2 C:\wamp64\www\wordpress\wp-includes\general-template.php(41): locate_template(Array, true)
#3 C:\wamp64\www\wordpress\wp-content\themes\h3qtcms1\index.php(14): get_header()
#4 C:\wamp64\www\wordpress\wp-includes\template-loader.php(78): include('C:\\wamp64\\www\\w...')
#5 C:\wamp64\www\wordpress\wp-blog-header.php(19): require_once('C:\\wamp64\\www\\w...')
#6 C:\wamp64\www\wordpress\index.php(17): require('C:\\wamp64\\www\\w...')
#7 {main}
  thrown in C:\wamp64\www\wordpress\wp-content\themes\h3qtcms1\header.php on line 46

2019-11-09T06:27:24+00:00 CRITICAL Maximum execution time of 120 seconds exceeded in C:\wamp64\www\wordpress\wp-includes\Requests\Transport\cURL.php on line 462

