2019-11-06T13:13:38+00:00 CRITICAL Uncaught Error: Call to undefined function storefront_is_woocommerce_activated() in C:\wamp64\www\wordpress\wp-content\themes\storefront\functions.php:39
Stack trace:
#0 C:\wamp64\www\wordpress\wp-settings.php(499): include()
#1 C:\wamp64\www\wordpress\wp-config.php(89): require_once('C:\\wamp64\\www\\w...')
#2 C:\wamp64\www\wordpress\wp-load.php(37): require_once('C:\\wamp64\\www\\w...')
#3 C:\wamp64\www\wordpress\wp-blog-header.php(13): require_once('C:\\wamp64\\www\\w...')
#4 C:\wamp64\www\wordpress\index.php(17): require('C:\\wamp64\\www\\w...')
#5 {main}
  thrown in C:\wamp64\www\wordpress\wp-content\themes\storefront\functions.php on line 39

2019-11-06T13:13:51+00:00 CRITICAL Uncaught Error: Call to undefined function storefront_do_shortcode() in C:\wamp64\www\wordpress\wp-content\themes\storefront\inc\woocommerce\storefront-woocommerce-template-functions.php:222
Stack trace:
#0 C:\wamp64\www\wordpress\wp-includes\class-wp-hook.php(286): storefront_shop_messages('')
#1 C:\wamp64\www\wordpress\wp-includes\class-wp-hook.php(310): WP_Hook->apply_filters('', Array)
#2 C:\wamp64\www\wordpress\wp-includes\plugin.php(465): WP_Hook->do_action(Array)
#3 C:\wamp64\www\wordpress\wp-content\themes\storefront\header.php(65): do_action('storefront_cont...')
#4 C:\wamp64\www\wordpress\wp-includes\template.php(722): require_once('C:\\wamp64\\www\\w...')
#5 C:\wamp64\www\wordpress\wp-includes\template.php(671): load_template('C:\\wamp64\\www\\w...', true)
#6 C:\wamp64\www\wordpress\wp-includes\general-template.php(41): locate_template(Array, true)
#7 C:\wamp64\www\wordpress\wp-content\themes\storefront\index.php(14): get_header()
#8 C:\wamp64\www\wordpress\wp-includes\template-loader.php(78): incl in C:\wamp64\www\wordpress\wp-content\themes\storefront\inc\woocommerce\storefront-woocommerce-template-functions.php on line 222

2019-11-06T13:54:24+00:00 CRITICAL Uncaught Error: Call to a member function get_cart_subtotal() on null in C:\wamp64\www\wordpress\wp-content\themes\storefront\inc\woocommerce\storefront-woocommerce-template-functions.php:77
Stack trace:
#0 C:\wamp64\www\wordpress\wp-content\themes\storefront\inc\woocommerce\storefront-woocommerce-template-functions.php(120): storefront_cart_link()
#1 C:\wamp64\www\wordpress\wp-content\themes\storefront\functions.php(46): require('C:\\wamp64\\www\\w...')
#2 C:\wamp64\www\wordpress\wp-settings.php(499): include('C:\\wamp64\\www\\w...')
#3 C:\wamp64\www\wordpress\wp-config.php(89): require_once('C:\\wamp64\\www\\w...')
#4 C:\wamp64\www\wordpress\wp-load.php(37): require_once('C:\\wamp64\\www\\w...')
#5 C:\wamp64\www\wordpress\wp-blog-header.php(13): require_once('C:\\wamp64\\www\\w...')
#6 C:\wamp64\www\wordpress\index.php(17): require('C:\\wamp64\\www\\w...')
#7 {main}
  thrown in C:\wamp64\www\wordpress\wp-content\themes\storefront\inc\woocommerce\storefront-woocommerce-template-functions.php on line 77

